<?xml version="1.0" encoding="UTF-8"?>
<!-- Generated by org.testng.reporters.JUnitReportReporter -->
<testsuite hostname="DESKTOP-C5HQ12V" failures="0" tests="2" name="com.vtiger.campaignsTest.CreateProductFromMoreCampaignTest" time="97.335" errors="0" timestamp="2022-05-22T23:15:00 PDT" skipped="0">
  <testcase classname="com.vtiger.campaignsTest.CreateProductFromMoreCampaignTest" name="createProductFromMoreCampaignTest" time="46.381"/>
  <system-out/>
  <testcase classname="com.vtiger.campaignsTest.CreateProductFromMoreCampaignTest" name="createProductFromMoreCampaignTest" time="50.954"/>
  <system-out/>
</testsuite> <!-- com.vtiger.campaignsTest.CreateProductFromMoreCampaignTest -->
