<?xml version="1.0" encoding="UTF-8"?>
<!-- Generated by org.testng.reporters.JUnitReportReporter -->
<testsuite hostname="DESKTOP-C5HQ12V" failures="0" tests="1" name="com.vtiger.productTest.CreateProductFromMoreCampaignTest" time="35.285" errors="0" timestamp="2022-05-18T04:30:36 PDT" skipped="0">
  <testcase classname="com.vtiger.productTest.CreateProductFromMoreCampaignTest" name="createProductFromMoreCampaignTest" time="35.285"/>
  <system-out/>
</testsuite> <!-- com.vtiger.productTest.CreateProductFromMoreCampaignTest -->
