<?xml version="1.0" encoding="UTF-8"?>
<!-- Generated by org.testng.reporters.JUnitReportReporter -->
<testsuite hostname="DESKTOP-C5HQ12V" failures="0" tests="2" name="com.vtiger.organisationTest.CreateOrganisationWithIndustryTest" time="57.602" errors="0" timestamp="2022-05-22T23:15:00 PDT" skipped="0">
  <testcase classname="com.vtiger.organisationTest.CreateOrganisationWithIndustryTest" name="createOrganisationWithIndustryTest" time="32.134"/>
  <system-out/>
  <testcase classname="com.vtiger.organisationTest.CreateOrganisationWithIndustryTest" name="createOrganisationWithIndustryTest" time="25.468"/>
  <system-out/>
</testsuite> <!-- com.vtiger.organisationTest.CreateOrganisationWithIndustryTest -->
