<?xml version="1.0" encoding="UTF-8"?>
<!-- Generated by org.testng.reporters.JUnitReportReporter -->
<testsuite hostname="DESKTOP-C5HQ12V" failures="0" tests="1" name="com.vtiger.contactTest.CreateContactTest" time="19.064" errors="0" timestamp="2022-05-24T02:05:54 PDT" skipped="0">
  <testcase classname="com.vtiger.contactTest.CreateContactTest" name="createContactTest" time="19.064"/>
  <system-out/>
</testsuite> <!-- com.vtiger.contactTest.CreateContactTest -->
