<?xml version="1.0" encoding="UTF-8"?>
<!-- Generated by org.testng.reporters.JUnitReportReporter -->
<testsuite hostname="DESKTOP-C5HQ12V" failures="0" tests="1" name="com.vtiger.practiceTest.CreateCampaignTestPractice" time="18.945" errors="0" timestamp="2022-05-17T04:28:25 PDT" skipped="0">
  <testcase classname="com.vtiger.practiceTest.CreateCampaignTestPractice" name="createCampaignTest" time="18.945"/>
  <system-out/>
</testsuite> <!-- com.vtiger.practiceTest.CreateCampaignTestPractice -->
