<?xml version="1.0" encoding="UTF-8"?>
<!-- Generated by org.testng.reporters.JUnitReportReporter -->
<testsuite hostname="DESKTOP-C5HQ12V" failures="0" tests="1" name="com.vtiger.productTest.CreateCampaignProductFromExcel" time="34.327" errors="0" timestamp="2022-05-18T04:27:02 PDT" skipped="0">
  <testcase classname="com.vtiger.productTest.CreateCampaignProductFromExcel" name="createCampaignProductFromExcel" time="34.327"/>
  <system-out/>
</testsuite> <!-- com.vtiger.productTest.CreateCampaignProductFromExcel -->
