<?xml version="1.0" encoding="UTF-8"?>
<!-- Generated by org.testng.reporters.JUnitReportReporter -->
<testsuite hostname="DESKTOP-C5HQ12V" failures="0" tests="2" name="com.vtiger.productTest.CreateProductTest" time="62.789" errors="0" timestamp="2022-05-22T23:15:00 PDT" skipped="0">
  <testcase classname="com.vtiger.productTest.CreateProductTest" name="createProductTest" time="29.517"/>
  <system-out/>
  <testcase classname="com.vtiger.productTest.CreateProductTest" name="createProductTest" time="33.272"/>
  <system-out/>
</testsuite> <!-- com.vtiger.productTest.CreateProductTest -->
