<?xml version="1.0" encoding="UTF-8"?>
<!-- Generated by org.testng.reporters.JUnitReportReporter -->
<testsuite hostname="DESKTOP-C5HQ12V" failures="0" tests="5" name="com.vtiger.practiceTest.PracticeDataProviderTest" time="0.022" errors="0" timestamp="2022-05-17T21:40:22 PDT" skipped="0">
  <testcase classname="com.vtiger.practiceTest.PracticeDataProviderTest" name="practiceDataProviderTest" time="0.003"/>
  <system-out>
    <![CDATA[username2  ---------->   password2]]>
  </system-out>
  <testcase classname="com.vtiger.practiceTest.PracticeDataProviderTest" name="practiceDataProviderTest" time="0.002"/>
  <system-out>
    <![CDATA[username3  ---------->   password3]]>
  </system-out>
  <testcase classname="com.vtiger.practiceTest.PracticeDataProviderTest" name="practiceDataProviderTest" time="0.003"/>
  <system-out>
    <![CDATA[username4  ---------->   password4]]>
  </system-out>
  <testcase classname="com.vtiger.practiceTest.PracticeDataProviderTest" name="practiceDataProviderTest" time="0.011"/>
  <system-out>
    <![CDATA[username  ---------->   password]]>
  </system-out>
  <testcase classname="com.vtiger.practiceTest.PracticeDataProviderTest" name="practiceDataProviderTest" time="0.003"/>
  <system-out>
    <![CDATA[username1  ---------->   password1]]>
  </system-out>
</testsuite> <!-- com.vtiger.practiceTest.PracticeDataProviderTest -->
