<?xml version="1.0" encoding="UTF-8"?>
<!-- Generated by org.testng.reporters.JUnitReportReporter -->
<testsuite hostname="DESKTOP-C5HQ12V" failures="0" tests="1" name="com.vtiger.campaignsTest.FetchDataFromPropertiesMoreCampaign" time="19.252" errors="0" timestamp="2022-05-18T03:58:12 PDT" skipped="0">
  <testcase classname="com.vtiger.campaignsTest.FetchDataFromPropertiesMoreCampaign" name="fetchDataFromPropertiesMoreCampaignTest" time="19.252"/>
  <system-out/>
</testsuite> <!-- com.vtiger.campaignsTest.FetchDataFromPropertiesMoreCampaign -->
