<?xml version="1.0" encoding="UTF-8"?>
<!-- Generated by org.testng.reporters.JUnitReportReporter -->
<testsuite hostname="DESKTOP-C5HQ12V" failures="0" tests="1" name="com.vtiger.contactTest.CreateContactWithorgFromExcelTest" time="36.782" errors="0" timestamp="2022-05-18T05:04:05 PDT" skipped="0">
  <testcase classname="com.vtiger.contactTest.CreateContactWithorgFromExcelTest" name="createContactWithorgFromExcelTest" time="36.782"/>
  <system-out/>
</testsuite> <!-- com.vtiger.contactTest.CreateContactWithorgFromExcelTest -->
