<?xml version="1.0" encoding="UTF-8"?>
<!-- Generated by org.testng.reporters.JUnitReportReporter -->
<testsuite hostname="DESKTOP-C5HQ12V" failures="0" tests="1" name="com.vtiger.documentsTest.CreateDocumentsTest" time="39.146" errors="0" timestamp="2022-05-24T01:55:32 PDT" skipped="0">
  <testcase classname="com.vtiger.documentsTest.CreateDocumentsTest" name="createDocumentsTest" time="39.146"/>
  <system-out/>
</testsuite> <!-- com.vtiger.documentsTest.CreateDocumentsTest -->
