<?xml version="1.0" encoding="UTF-8"?>
<!-- Generated by org.testng.reporters.JUnitReportReporter -->
<testsuite hostname="DESKTOP-C5HQ12V" failures="0" tests="2" name="com.vtiger.contactTest.CreateContactWithorgTest" time="95.352" errors="0" timestamp="2022-05-22T23:15:00 PDT" skipped="0">
  <testcase classname="com.vtiger.contactTest.CreateContactWithorgTest" name="createContactWithorgTest" time="44.012"/>
  <system-out/>
  <testcase classname="com.vtiger.contactTest.CreateContactWithorgTest" name="createContactWithorgTest" time="51.340"/>
  <system-out/>
</testsuite> <!-- com.vtiger.contactTest.CreateContactWithorgTest -->
