<?xml version="1.0" encoding="UTF-8"?>
<!-- Generated by org.testng.reporters.JUnitReportReporter -->
<testsuite hostname="DESKTOP-C5HQ12V" failures="0" tests="1" name="com.vtiger.organisationTest.CreateOrganisationFromExcelTest" time="23.694" errors="0" timestamp="2022-05-18T11:15:58 PDT" skipped="0">
  <testcase classname="com.vtiger.organisationTest.CreateOrganisationFromExcelTest" name="createOrganisationFromExcelTest" time="23.694"/>
  <system-out/>
</testsuite> <!-- com.vtiger.organisationTest.CreateOrganisationFromExcelTest -->
