<?xml version="1.0" encoding="UTF-8"?>
<!-- Generated by org.testng.reporters.JUnitReportReporter -->
<testsuite hostname="DESKTOP-C5HQ12V" failures="0" tests="15" name="com.vtiger.practiceTest.PracticeDatsaProvider1Test" time="0.065" errors="0" timestamp="2022-05-17T21:39:44 PDT" skipped="0">
  <testcase classname="com.vtiger.practiceTest.PracticeDatsaProvider1Test" name="practiceDataProviderTest" time="0.004"/>
  <system-out>
    <![CDATA[Admin7  ---------->   Root7]]>
  </system-out>
  <testcase classname="com.vtiger.practiceTest.PracticeDatsaProvider1Test" name="practiceDataProviderTest" time="0.003"/>
  <system-out>
    <![CDATA[Admin4  ---------->   Root4]]>
  </system-out>
  <testcase classname="com.vtiger.practiceTest.PracticeDatsaProvider1Test" name="practiceDataProviderTest" time="0.002"/>
  <system-out>
    <![CDATA[Admin5  ---------->   Root5]]>
  </system-out>
  <testcase classname="com.vtiger.practiceTest.PracticeDatsaProvider1Test" name="practiceDataProviderTest" time="0.002"/>
  <system-out>
    <![CDATA[Admin3  ---------->   Root3]]>
  </system-out>
  <testcase classname="com.vtiger.practiceTest.PracticeDatsaProvider1Test" name="practiceDataProviderTest" time="0.001"/>
  <system-out>
    <![CDATA[Admin11  ---------->   Root11]]>
  </system-out>
  <testcase classname="com.vtiger.practiceTest.PracticeDatsaProvider1Test" name="practiceDataProviderTest" time="0.002"/>
  <system-out>
    <![CDATA[Admin15  ---------->   Root15]]>
  </system-out>
  <testcase classname="com.vtiger.practiceTest.PracticeDatsaProvider1Test" name="practiceDataProviderTest" time="0.002"/>
  <system-out>
    <![CDATA[Admin8  ---------->   Root8]]>
  </system-out>
  <testcase classname="com.vtiger.practiceTest.PracticeDatsaProvider1Test" name="practiceDataProviderTest" time="0.002"/>
  <system-out>
    <![CDATA[Admin10  ---------->   Root10]]>
  </system-out>
  <testcase classname="com.vtiger.practiceTest.PracticeDatsaProvider1Test" name="practiceDataProviderTest" time="0.011"/>
  <system-out>
    <![CDATA[Admin6  ---------->   Root6]]>
  </system-out>
  <testcase classname="com.vtiger.practiceTest.PracticeDatsaProvider1Test" name="practiceDataProviderTest" time="0.003"/>
  <system-out>
    <![CDATA[Admin13  ---------->   Root13]]>
  </system-out>
  <testcase classname="com.vtiger.practiceTest.PracticeDatsaProvider1Test" name="practiceDataProviderTest" time="0.008"/>
  <system-out>
    <![CDATA[Admin14  ---------->   Root14]]>
  </system-out>
  <testcase classname="com.vtiger.practiceTest.PracticeDatsaProvider1Test" name="practiceDataProviderTest" time="0.012"/>
  <system-out>
    <![CDATA[Admin2  ---------->   Root2]]>
  </system-out>
  <testcase classname="com.vtiger.practiceTest.PracticeDatsaProvider1Test" name="practiceDataProviderTest" time="0.002"/>
  <system-out>
    <![CDATA[Admin12  ---------->   Root12]]>
  </system-out>
  <testcase classname="com.vtiger.practiceTest.PracticeDatsaProvider1Test" name="practiceDataProviderTest" time="0.009"/>
  <system-out>
    <![CDATA[Admin9  ---------->   Root9]]>
  </system-out>
  <testcase classname="com.vtiger.practiceTest.PracticeDatsaProvider1Test" name="practiceDataProviderTest" time="0.002"/>
  <system-out>
    <![CDATA[Admin16  ---------->   Root16]]>
  </system-out>
</testsuite> <!-- com.vtiger.practiceTest.PracticeDatsaProvider1Test -->
