<?xml version="1.0" encoding="UTF-8"?>
<!-- Generated by org.testng.reporters.JUnitReportReporter -->
<testsuite hostname="DESKTOP-C5HQ12V" failures="0" tests="1" name="com.vtiger.contactTest.CreateContactWithorgFromExcel" time="39.363" errors="0" timestamp="2022-05-18T03:50:26 PDT" skipped="0">
  <testcase classname="com.vtiger.contactTest.CreateContactWithorgFromExcel" name="createContactWithorgFromExcel" time="39.363"/>
  <system-out/>
</testsuite> <!-- com.vtiger.contactTest.CreateContactWithorgFromExcel -->
